<?xml version="1.0" encoding="UTF-8"?>
<!-- Generated by org.testng.reporters.JUnitXMLReporter -->
<testsuite ignored="0" hostname="DESKTOP-8RNOGRT" failures="1" tests="6" name="Default test(failed)" time="87.851" errors="0" timestamp="2024-05-16T12:26:34 IST">
  <testcase classname="practice.homeTest.InvoiceTest" name="createInvoiceTest" time="0.22">
    <skipped/>
  </testcase> <!-- createInvoiceTest -->
  <testcase classname="practice.homeTest.InvoiceTest" name="createInvoiceTest" time="0.025">
    <skipped/>
  </testcase> <!-- createInvoiceTest -->
  <testcase classname="practice.homeTest.InvoiceTest" name="createInvoiceTest" time="0.027">
    <skipped/>
  </testcase> <!-- createInvoiceTest -->
  <testcase classname="practice.homeTest.InvoiceTest" name="createInvoiceTest" time="0.026">
    <skipped/>
  </testcase> <!-- createInvoiceTest -->
  <testcase classname="practice.homeTest.InvoiceTest" name="createInvoiceTest" time="0.023">
    <skipped/>
  </testcase> <!-- createInvoiceTest -->
  <testcase classname="practice.homeTest.InvoiceTest" name="createInvoiceTest" time="0.033">
    <failure type="java.lang.AssertionError" message="expected [ ] but found [Administrator - Home - vtiger CRM 5 - Commercial Open Source CRM]">
      <![CDATA[java.lang.AssertionError: expected [ ] but found [Administrator - Home - vtiger CRM 5 - Commercial Open Source CRM]
at practice.homeTest.InvoiceTest.createInvoiceTest(InvoiceTest.java:15)
at java.base/java.util.ArrayList.forEach(ArrayList.java:1596)
... Removed 31 stack frames]]>
    </failure>
  </testcase> <!-- createInvoiceTest -->
</testsuite> <!-- Default test(failed) -->
